0 info it worked if it ends with ok
1 verbose cli [ 'C:\\Program Files\\nodejs\\node.exe',
1 verbose cli   'C:\\Program Files\\nodejs\\node_modules\\npm\\bin\\npm-cli.js',
1 verbose cli   'run',
1 verbose cli   'mocha' ]
2 info using npm@3.10.10
3 info using node@v6.11.1
4 verbose run-script [ 'premocha', 'mocha', 'postmocha' ]
5 info lifecycle gulp-webpack-react-env@0.0.1~premocha: gulp-webpack-react-env@0.0.1
6 silly lifecycle gulp-webpack-react-env@0.0.1~premocha: no script for premocha, continuing
7 info lifecycle gulp-webpack-react-env@0.0.1~mocha: gulp-webpack-react-env@0.0.1
8 verbose lifecycle gulp-webpack-react-env@0.0.1~mocha: unsafe-perm in lifecycle true
9 verbose lifecycle gulp-webpack-react-env@0.0.1~mocha: PATH: C:\Program Files\nodejs\node_modules\npm\bin\node-gyp-bin;C:\xampp\htdocs\projects\tailored-react-env\node_modules\.bin;C:\Users\steve\bin;C:\Program Files\Git\mingw64\bin;C:\Program Files\Git\usr\local\bin;C:\Program Files\Git\usr\bin;C:\Program Files\Git\usr\bin;C:\Program Files\Git\mingw64\bin;C:\Program Files\Git\usr\bin;C:\Users\steve\bin;C:\Ruby23-x64\bin;C:\bin\Python27;C:\bin\Python27\Scripts;C:\Windows\system32;C:\Windows;C:\Windows\System32\Wbem;C:\Windows\System32\WindowsPowerShell\v1.0;C:\Program Files (x86)\NVIDIA Corporation\PhysX\Common;C:\Program Files\Git\cmd;C:\Program Files (x86)\Windows Kits\8.1\Windows Performance Toolkit;C:\WINDOWS\system32;C:\WINDOWS;C:\WINDOWS\System32\Wbem;C:\WINDOWS\System32\WindowsPowerShell\v1.0;C:\Program Files (x86)\Skype\Phone;C:\Users\steve\AppData\Roaming\nvm;C:\Program Files\nodejs;C:\Program Files (x86)\Windows Kits\10\Windows Performance Toolkit;C:\Program Files\nodejs;C:\Users\steve\AppData\Local\Microsoft\WindowsApps;C:\Users\steve\AppData\Roaming\nvm;C:\Program Files\nodejs;C:\Users\steve\AppData\Roaming\npm;C:\Program Files\Git\usr\bin\vendor_perl;C:\Program Files\Git\usr\bin\core_perl
10 verbose lifecycle gulp-webpack-react-env@0.0.1~mocha: CWD: C:\xampp\htdocs\projects\tailored-react-env
11 silly lifecycle gulp-webpack-react-env@0.0.1~mocha: Args: [ '/d /s /c',
11 silly lifecycle   'node_modules/mocha/bin/mocha --compilers js:babel-core/register \'./app/js/**/*.spec.js\'' ]
12 silly lifecycle gulp-webpack-react-env@0.0.1~mocha: Returned: code: 1  signal: null
13 info lifecycle gulp-webpack-react-env@0.0.1~mocha: Failed to exec mocha script
14 verbose stack Error: gulp-webpack-react-env@0.0.1 mocha: `node_modules/mocha/bin/mocha --compilers js:babel-core/register './app/js/**/*.spec.js'`
14 verbose stack Exit status 1
14 verbose stack     at EventEmitter.<anonymous> (C:\Program Files\nodejs\node_modules\npm\lib\utils\lifecycle.js:255:16)
14 verbose stack     at emitTwo (events.js:106:13)
14 verbose stack     at EventEmitter.emit (events.js:191:7)
14 verbose stack     at ChildProcess.<anonymous> (C:\Program Files\nodejs\node_modules\npm\lib\utils\spawn.js:40:14)
14 verbose stack     at emitTwo (events.js:106:13)
14 verbose stack     at ChildProcess.emit (events.js:191:7)
14 verbose stack     at maybeClose (internal/child_process.js:891:16)
14 verbose stack     at Process.ChildProcess._handle.onexit (internal/child_process.js:226:5)
15 verbose pkgid gulp-webpack-react-env@0.0.1
16 verbose cwd C:\xampp\htdocs\projects\tailored-react-env
17 error Windows_NT 10.0.15063
18 error argv "C:\\Program Files\\nodejs\\node.exe" "C:\\Program Files\\nodejs\\node_modules\\npm\\bin\\npm-cli.js" "run" "mocha"
19 error node v6.11.1
20 error npm  v3.10.10
21 error code ELIFECYCLE
22 error gulp-webpack-react-env@0.0.1 mocha: `node_modules/mocha/bin/mocha --compilers js:babel-core/register './app/js/**/*.spec.js'`
22 error Exit status 1
23 error Failed at the gulp-webpack-react-env@0.0.1 mocha script 'node_modules/mocha/bin/mocha --compilers js:babel-core/register './app/js/**/*.spec.js''.
23 error Make sure you have the latest version of node.js and npm installed.
23 error If you do, this is most likely a problem with the gulp-webpack-react-env package,
23 error not with npm itself.
23 error Tell the author that this fails on your system:
23 error     node_modules/mocha/bin/mocha --compilers js:babel-core/register './app/js/**/*.spec.js'
23 error You can get information on how to open an issue for this project with:
23 error     npm bugs gulp-webpack-react-env
23 error Or if that isn't available, you can get their info via:
23 error     npm owner ls gulp-webpack-react-env
23 error There is likely additional logging output above.
24 verbose exit [ 1, true ]
